2025-11-30 22:20:09 [INFO]: Login attempt for: test@example.com
2025-11-30 22:20:09 [WARN]: Login failed: User with login test@example.com not found
2025-11-30 22:35:21 [INFO]: Login attempt for: shuvakharel007@gmail.com
2025-11-30 22:35:22 [INFO]: Creating session for user ID: 6929e4b755022d06596a93d4
2025-11-30 22:35:25 [INFO]: Login notification email sent to user: shuvakharel007@gmail.com
2025-11-30 22:40:58 [INFO]: Login attempt for: shuvakharel007@gmail.com
2025-11-30 22:40:59 [INFO]: Creating session for user ID: 6929e4b755022d06596a93d4
2025-11-30 22:41:02 [INFO]: Login notification email sent to user: shuvakharel007@gmail.com
2025-11-30 22:41:13 [INFO]: Login attempt for: shuvakharel007@gmail.com
2025-11-30 22:41:13 [INFO]: Creating session for user ID: 6929e4b755022d06596a93d4
2025-11-30 22:41:16 [INFO]: Login notification email sent to user: shuvakharel007@gmail.com
2025-11-30 23:44:12 [INFO]: Login attempt for: lofejo6455@cexch.com
2025-11-30 23:44:12 [WARN]: Login failed: Email not verified for user: lofejo6455@cexch.com
2025-11-30 23:45:00 [INFO]: Login attempt for: lofejo6455@cexch.com
2025-11-30 23:45:00 [WARN]: Login failed: Email not verified for user: lofejo6455@cexch.com
2025-11-30 23:45:31 [INFO]: Email verified successfully for user ID: 692c85cbfa28a462805d938d
2025-11-30 23:45:36 [INFO]: Login attempt for: lofejo6455@cexch.com
2025-11-30 23:45:37 [INFO]: Creating session for user ID: 692c85cbfa28a462805d938d
2025-11-30 23:45:41 [INFO]: Login notification email sent to user: lofejo6455@cexch.com
2025-11-30 23:45:58 [INFO]: Login attempt for: lofejo6455@cexch.com
2025-11-30 23:45:59 [INFO]: Creating session for user ID: 692c85cbfa28a462805d938d
2025-11-30 23:46:03 [INFO]: Login notification email sent to user: lofejo6455@cexch.com
2025-11-30 23:58:30 [INFO]: Login attempt for: lofejo6455@cexch.com
2025-11-30 23:58:30 [INFO]: Creating session for user ID: 692c85cbfa28a462805d938d
2025-11-30 23:58:34 [INFO]: Login notification email sent to user: lofejo6455@cexch.com
2025-11-30 23:59:41 [INFO]: Login attempt for: lofejo6455@cexch.com
2025-11-30 23:59:41 [INFO]: Creating session for user ID: 692c85cbfa28a462805d938d
2025-11-30 23:59:45 [INFO]: Login notification email sent to user: lofejo6455@cexch.com
