2025-10-26 19:51:01 [INFO]: Login attempt for email: shuvaudmiq2064@gmail.com
2025-10-26 19:51:01 [INFO]: Creating session for user ID: 68fe2a036a96b0ae074f7c99
2025-10-26 19:55:06 [INFO]: Login attempt for email: shuvakharel007@gmail.com
2025-10-26 19:55:06 [INFO]: Creating session for user ID: 68fe273f0bc4efd9679128f1
2025-10-26 19:55:08 [INFO]: Login attempt for email: shuvakharel007@gmail.com
2025-10-26 19:55:09 [INFO]: Creating session for user ID: 68fe273f0bc4efd9679128f1
2025-10-26 20:11:06 [INFO]: Login attempt for email: shuvakharel007@gmail.com
2025-10-26 20:11:06 [INFO]: Creating session for user ID: 68fe2f66d839c190b0069166
2025-10-26 20:14:25 [INFO]: Login attempt for email: shuvakharel007@gmail.com
2025-10-26 20:14:25 [INFO]: Creating session for user ID: 68fe2f66d839c190b0069166
2025-10-26 20:19:40 [INFO]: Login attempt for email: shuvakharel007@gmail.com
2025-10-26 20:19:40 [INFO]: Creating session for user ID: 68fe2f66d839c190b0069166
2025-10-26 21:01:13 [INFO]: Login attempt for email: shuvakharel007@gmail.com
2025-10-26 21:01:13 [INFO]: Creating session for user ID: 68fe2f66d839c190b0069166
2025-10-26 21:12:59 [INFO]: Login attempt for email: shuvakharel007@gmail.com
2025-10-26 21:12:59 [INFO]: Creating session for user ID: 68fe2f66d839c190b0069166
2025-10-26 21:13:34 [INFO]: Login attempt for email: shuvakharel007@gmail.com
2025-10-26 21:13:35 [INFO]: Creating session for user ID: 68fe2f66d839c190b0069166
2025-10-26 21:16:13 [INFO]: Login attempt for email: shuvakharel007@gmail.com
2025-10-26 21:16:14 [INFO]: Creating session for user ID: 68fe2f66d839c190b0069166
2025-10-26 21:24:04 [INFO]: Login attempt for email: shuvakharel007@gmail.com
2025-10-26 21:24:04 [INFO]: 2FA required for user ID: 68fe2f66d839c190b0069166
2025-10-26 21:28:41 [INFO]: Login attempt for email: shuvakharel007@gmail.com
2025-10-26 21:28:41 [WARN]: Login failed: Invalid password for email: shuvakharel007@gmail.com
2025-10-26 21:28:54 [INFO]: Login attempt for email: shuvakharel007@gmail.com
2025-10-26 21:28:54 [INFO]: Creating session for user ID: 68fe4190d839c190b00691e0
2025-10-26 21:29:32 [INFO]: Login attempt for email: shuvakharel007@gmail.com
2025-10-26 21:29:32 [INFO]: Creating session for user ID: 68fe4190d839c190b00691e0
2025-10-26 21:29:49 [INFO]: Login attempt for email: shuvakharel007@gmail.com
2025-10-26 21:29:49 [INFO]: Creating session for user ID: 68fe4190d839c190b00691e0
2025-10-26 21:31:34 [INFO]: Login attempt for email: shuvakharel007@gmail.com
2025-10-26 21:31:34 [INFO]: Creating session for user ID: 68fe4190d839c190b00691e0
